<?xml version="1.0" encoding="utf-8"?><testsuites name="pytest tests"><testsuite name="pytest" errors="0" failures="0" skipped="0" tests="8" time="140.089" timestamp="2025-09-15T11:33:37.030498-06:00" hostname="SEBAS"><testcase classname="test_appium_suite.TestSimpleFlow" name="test_01_click_registrarme" time="19.155" /><testcase classname="test_appium_suite.TestSimpleFlow" name="test_02_go_back_with_phone_button" time="12.283" /><testcase classname="test_appium_suite.TestSimpleFlow" name="test_03_click_iniciar_sesion" time="24.167" /><testcase classname="test_appium_suite.TestSimpleFlow" name="test_04_escribir_email_y_continuar" time="21.793" /><testcase classname="test_appium_suite.TestSimpleFlow" name="test_05_click_usuario_y_contrasena" time="4.091" /><testcase classname="test_appium_suite.TestSimpleFlow" name="test_06_escribir_usuario_y_contrasena" time="26.485" /><testcase classname="test_appium_suite.TestSimpleFlow" name="test_07_flujo_completo_productos_y_salir" time="25.728" /><testcase classname="test_appium_suite.TestSimpleFlow" name="test_debug_current_screen" time="6.364" /></testsuite></testsuites>